<?xml version="1.0" encoding="UTF-8"?>
<!-- Generated by org.testng.reporters.JUnitReportReporter -->
<testsuite hostname="Ravi-PC" failures="0" tests="2" name="com.facebook.qa.testcases.LandingPageTest" time="34.843" errors="0" timestamp="2021-03-29T17:27:31 IST" skipped="0">
  <testcase classname="com.facebook.qa.testcases.LandingPageTest" name="landingPageTitleTest" time="8.125"/>
  <system-out/>
  <testcase classname="com.facebook.qa.testcases.LandingPageTest" name="ClickOnLogInTest" time="26.718"/>
  <system-out/>
</testsuite> <!-- com.facebook.qa.testcases.LandingPageTest -->
